Operating system: Microsoft Windows NT 6.2.9200.0
Opening INI file "C:\Users\User\Desktop\s1disasm-letonics-edition-main\SonLVL INI Files\SonLVL.ini"...
Game type is S1.
Loading Labyrinth Zone Act 1...
Loading 8x8 tiles from file "../artnem/8x8 - LZ.nem", using compression Nemesis...
Loading 16x16 blocks from file "../_maps/LZ/LZ.eni", using compression Enigma...
Loading 256x256 chunks from file "../_maps/LZ/LZ.kos", using compression Kosinski...
Loading palette file "../palette/Sonic.bin"...
Source: 0 Destination: 0 Length: 16
Loading FG layout from file "../levels/LZ/lz1.bin", using compression Uncompressed...
Loading palette file "../palette/LZ Act 1.bin"...
Source: 0 Destination: 16 Length: 48
Loading palette file "../palette/Sonic - LZ1 Underwater.bin"...
Source: 0 Destination: 0 Length: 16
Loading BG layout from file "../levels/LZ/lzbg.bin", using compression Uncompressed...
Loading FG layout from file "../levels/LZ/lz2.bin", using compression Uncompressed...
Loading FG layout from file "../levels/LZ/lz3.bin", using compression Uncompressed...
Loading FG layout from file "../levels/LZ/lz4.bin", using compression Uncompressed...
System.AggregateException: 發生一或多項錯誤。 ---> System.IO.FileNotFoundException: Palette file could not be loaded! Have you set up your disassembly properly?
   於 SonicRetro.SonLVL.API.LevelData.LoadLevelPalette() 於 C:\Programs\SonLVL\SonLVLAPI\LevelData.cs: 行 691
   於 System.Threading.Tasks.Task.InnerInvoke()
   於 System.Threading.Tasks.Task.Execute()
   --- 內部例外狀況堆疊追蹤的結尾 ---
   於 System.Threading.Tasks.Task.WaitAll(Task[] tasks, Int32 millisecondsTimeout, CancellationToken cancellationToken)
   於 System.Threading.Tasks.Task.WaitAll(Task[] tasks, Int32 millisecondsTimeout)
   於 System.Threading.Tasks.Parallel.Invoke(ParallelOptions parallelOptions, Action[] actions)
   於 System.Threading.Tasks.Parallel.Invoke(Action[] actions)
   於 SonicRetro.SonLVL.API.LevelData.LoadLevel(String levelname, Boolean loadGraphics) 於 C:\Programs\SonLVL\SonLVLAPI\LevelData.cs: 行 184
   於 SonicRetro.SonLVL.GUI.MainForm.backgroundLevelLoader_DoWork(Object sender, DoWorkEventArgs e) 於 C:\Programs\SonLVL\SonLVL\MainForm.cs: 行 576
---> (內部例外狀況 #0) System.IO.FileNotFoundException: Palette file could not be loaded! Have you set up your disassembly properly?
檔案名稱: '../palette/Sonic - LZ1 Underwater.bin'
   於 SonicRetro.SonLVL.API.LevelData.LoadLevelPalette() 於 C:\Programs\SonLVL\SonLVLAPI\LevelData.cs: 行 691
   於 System.Threading.Tasks.Task.InnerInvoke()
   於 System.Threading.Tasks.Task.Execute()<---

Opening INI file "C:\Users\User\Desktop\s1disasm-letonics-edition-main\SonLVL INI Files\SonLVL.ini"...
Game type is S1.
Loading Labyrinth Zone Act 1...
Loading 16x16 blocks from file "../_maps/LZ/LZ.eni", using compression Enigma...
Loading 256x256 chunks from file "../_maps/LZ/LZ.kos", using compression Kosinski...
Loading 8x8 tiles from file "../artnem/8x8 - LZ.nem", using compression Nemesis...
Loading FG layout from file "../levels/LZ/lz1.bin", using compression Uncompressed...
Loading palette file "../palette/Sonic.bin"...
Source: 0 Destination: 0 Length: 16
Loading BG layout from file "../levels/LZ/lzbg.bin", using compression Uncompressed...
Loading palette file "../palette/LZ Act 1.bin"...
Source: 0 Destination: 16 Length: 48
Loading palette file "../palette/Sonic - LZ Act 1 Underwater.bin"...
Source: 0 Destination: 0 Length: 16
Loading FG layout from file "../levels/LZ/lz2.bin", using compression Uncompressed...
Loading FG layout from file "../levels/LZ/lz3.bin", using compression Uncompressed...
Loading FG layout from file "../levels/LZ/lz4.bin", using compression Uncompressed...
Loading palette file "../palette/Sonic - LZ Act 1 Underwater.bin"...
Source: 16 Destination: 16 Length: 48
System.AggregateException: 發生一或多項錯誤。 ---> System.IndexOutOfRangeException: 索引在陣列的界限之外。
   於 SonicRetro.SonLVL.API.LevelData.LoadLevelPalette() 於 C:\Programs\SonLVL\SonLVLAPI\LevelData.cs: 行 674
   於 System.Threading.Tasks.Task.InnerInvoke()
   於 System.Threading.Tasks.Task.Execute()
   --- 內部例外狀況堆疊追蹤的結尾 ---
   於 System.Threading.Tasks.Task.WaitAll(Task[] tasks, Int32 millisecondsTimeout, CancellationToken cancellationToken)
   於 System.Threading.Tasks.Task.WaitAll(Task[] tasks, Int32 millisecondsTimeout)
   於 System.Threading.Tasks.Parallel.Invoke(ParallelOptions parallelOptions, Action[] actions)
   於 System.Threading.Tasks.Parallel.Invoke(Action[] actions)
   於 SonicRetro.SonLVL.API.LevelData.LoadLevel(String levelname, Boolean loadGraphics) 於 C:\Programs\SonLVL\SonLVLAPI\LevelData.cs: 行 184
   於 SonicRetro.SonLVL.GUI.MainForm.backgroundLevelLoader_DoWork(Object sender, DoWorkEventArgs e) 於 C:\Programs\SonLVL\SonLVL\MainForm.cs: 行 576
---> (內部例外狀況 #0) System.IndexOutOfRangeException: 索引在陣列的界限之外。
   於 SonicRetro.SonLVL.API.LevelData.LoadLevelPalette() 於 C:\Programs\SonLVL\SonLVLAPI\LevelData.cs: 行 674
   於 System.Threading.Tasks.Task.InnerInvoke()
   於 System.Threading.Tasks.Task.Execute()<---

